SF:lib/models/position.dart
DA:15,4
DA:22,9
DA:28,1
DA:29,7
DA:31,2
DA:32,6
DA:34,1
DA:35,1
DA:36,1
DA:37,1
DA:38,1
DA:39,1
DA:46,1
DA:50,1
DA:51,4
DA:52,2
DA:53,4
DA:54,2
LF:18
LH:18
end_of_record
SF:lib/models/location.dart
DA:13,6
DA:26,2
DA:27,8
DA:31,2
DA:32,14
DA:36,2
DA:37,14
DA:41,2
DA:42,14
DA:46,2
DA:47,14
DA:50,2
DA:51,6
DA:53,2
DA:55,6
DA:56,2
DA:57,6
DA:60,6
DA:61,1
DA:62,6
DA:70,3
DA:71,9
DA:73,3
DA:74,3
DA:75,3
DA:76,3
DA:80,3
DA:81,3
DA:82,3
DA:83,3
LF:30
LH:30
end_of_record
SF:lib/models/tile.dart
DA:12,4
DA:19,4
DA:23,1
DA:24,9
DA:27,1
DA:34,1
DA:35,1
DA:36,1
DA:37,1
DA:38,1
DA:42,1
DA:44,4
DA:47,2
DA:48,2
DA:49,2
DA:50,2
DA:51,4
DA:52,4
DA:56,2
DA:57,2
DA:58,2
DA:59,2
DA:60,4
DA:61,4
DA:65,2
DA:66,2
DA:67,2
DA:68,2
DA:69,2
DA:70,2
LF:30
LH:30
end_of_record
SF:lib/presentation/common/animations/utils/position_tween.dart
DA:9,0
DA:12,0
DA:13,0
LF:3
LH:0
end_of_record
SF:lib/models/puzzle.dart
DA:12,2
DA:16,2
DA:19,3
DA:22,5
DA:29,1
DA:30,1
DA:33,4
DA:37,1
DA:38,4
DA:42,1
DA:43,4
DA:47,1
DA:48,4
DA:52,1
DA:53,4
DA:57,5
DA:60,5
DA:63,5
DA:66,5
DA:74,1
DA:75,1
DA:76,2
DA:77,2
DA:78,3
DA:79,1
DA:86,1
DA:90,1
DA:91,1
DA:92,2
DA:93,1
DA:94,1
DA:95,1
DA:96,3
DA:102,1
DA:103,4
DA:104,3
DA:105,0
DA:107,4
DA:117,1
DA:119,4
DA:120,2
DA:121,1
DA:125,5
DA:126,2
DA:127,1
DA:128,1
DA:136,1
DA:137,4
DA:139,5
DA:142,1
DA:144,2
DA:145,1
DA:148,4
DA:149,2
DA:151,3
DA:152,0
DA:154,1
DA:158,6
DA:161,1
DA:163,2
DA:164,1
DA:165,3
DA:166,1
DA:173,1
DA:174,1
DA:175,5
DA:176,1
DA:177,1
DA:181,2
DA:182,5
DA:183,1
DA:184,1
DA:187,1
DA:188,4
LF:74
LH:72
end_of_record
SF:lib/helpers/share_score_helper.dart
DA:23,1
DA:24,1
DA:30,0
DA:31,0
DA:32,0
DA:34,0
DA:39,1
DA:40,2
DA:44,1
DA:45,2
DA:49,1
DA:50,2
LF:12
LH:8
end_of_record
SF:lib/helpers/duration_helper.dart
DA:4,6
DA:10,2
DA:11,6
DA:12,6
DA:14,2
LF:5
LH:5
end_of_record
SF:lib/helpers/background_helper.dart
DA:11,1
DA:23,1
DA:24,1
DA:25,2
DA:26,4
DA:31,0
DA:32,0
DA:33,0
DA:34,0
LF:9
LH:5
end_of_record
SF:lib/presentation/layout/background_layer_layout.dart
DA:7,1
DA:22,1
DA:27,0
DA:29,0
DA:30,0
DA:32,0
DA:33,0
DA:35,0
DA:37,0
DA:40,0
DA:41,0
DA:44,0
DA:47,0
DA:50,0
DA:53,0
DA:56,0
DA:64,0
DA:65,0
DA:66,0
DA:68,0
DA:69,0
DA:71,0
DA:72,0
DA:73,0
DA:75,0
DA:78,0
DA:79,0
DA:80,0
DA:82,0
DA:89,0
DA:92,0
DA:93,0
DA:94,0
DA:95,0
DA:96,0
DA:97,0
DA:98,0
DA:99,0
DA:100,0
DA:101,0
DA:102,0
DA:106,0
DA:109,0
DA:110,0
DA:111,0
DA:113,0
DA:114,0
DA:116,0
DA:117,0
DA:119,0
DA:120,0
DA:122,0
DA:123,0
DA:125,0
DA:126,0
DA:135,0
DA:136,0
LF:57
LH:2
end_of_record
SF:lib/presentation/background/widgets/background_stack.dart
DA:9,0
DA:11,0
DA:13,0
DA:15,0
DA:17,0
DA:18,0
DA:19,0
DA:20,0
DA:29,0
DA:30,0
DA:32,0
DA:33,0
DA:34,0
LF:13
LH:0
end_of_record
SF:lib/presentation/background/utils/stars_painter.dart
DA:12,0
DA:20,0
DA:24,0
DA:25,0
DA:26,0
DA:27,0
DA:28,0
DA:34,0
DA:36,0
DA:37,0
DA:38,0
DA:39,0
DA:40,0
DA:41,0
DA:46,0
LF:15
LH:0
end_of_record
SF:lib/presentation/background/widgets/animated_background_layer.dart
DA:9,0
DA:12,0
DA:14,0
DA:15,0
DA:22,0
DA:24,0
DA:25,0
DA:29,0
DA:30,0
DA:31,0
DA:32,0
DA:36,0
DA:37,0
DA:39,0
DA:42,0
DA:44,0
DA:45,0
DA:48,0
DA:50,0
DA:51,0
DA:52,0
DA:53,0
DA:54,0
DA:56,0
DA:57,0
DA:58,0
DA:59,0
DA:60,0
LF:28
LH:0
end_of_record
SF:lib/presentation/common/animations/utils/animations_manager.dart
DA:6,1
DA:16,0
DA:24,0
DA:26,0
DA:30,0
DA:32,0
DA:36,0
DA:38,0
DA:44,0
DA:45,0
DA:47,0
DA:48,0
DA:49,0
DA:55,0
DA:57,0
DA:61,0
DA:63,0
DA:71,0
DA:75,0
DA:77,0
LF:20
LH:1
end_of_record
SF:lib/presentation/background/widgets/stars.dart
DA:6,1
DA:8,0
DA:9,0
DA:16,0
DA:18,0
DA:20,0
DA:22,0
DA:24,0
DA:25,0
DA:26,0
DA:27,0
DA:31,0
DA:34,0
DA:36,0
DA:37,0
DA:40,0
DA:42,0
DA:44,0
DA:45,0
DA:46,0
LF:20
LH:1
end_of_record
SF:lib/presentation/layout/stars_layout.dart
DA:12,0
DA:14,0
DA:15,0
DA:17,0
DA:18,0
DA:19,0
DA:21,0
DA:23,0
DA:25,0
DA:32,0
DA:34,0
DA:36,0
DA:38,0
DA:40,0
DA:41,0
DA:42,0
DA:43,0
DA:48,0
DA:49,0
DA:50,0
DA:51,0
DA:56,0
DA:57,0
DA:58,0
DA:59,0
DA:60,0
DA:66,0
DA:67,0
DA:68,0
DA:69,0
DA:70,0
DA:76,0
DA:77,0
DA:78,0
DA:79,0
DA:80,0
DA:81,0
DA:82,0
DA:83,0
LF:39
LH:0
end_of_record
SF:lib/presentation/layout/layout_delegate.dart
DA:7,0
LF:1
LH:0
end_of_record
SF:lib/presentation/layout/screen_type_helper.dart
DA:4,1
DA:14,0
DA:16,0
DA:18,0
DA:25,0
DA:26,0
DA:28,0
DA:30,0
DA:31,0
DA:33,0
DA:35,0
LF:11
LH:1
end_of_record
SF:lib/helpers/file_helper.dart
DA:10,1
DA:11,2
DA:15,0
DA:16,0
DA:23,0
DA:24,0
DA:25,0
DA:26,0
DA:27,0
DA:34,0
DA:35,0
DA:36,0
DA:37,0
DA:38,0
DA:39,0
DA:40,0
LF:16
LH:2
end_of_record
